<?xml version="1.0" encoding="UTF-8"?>
<!-- Generated by org.testng.reporters.JUnitXMLReporter -->
<testsuite ignored="0" hostname="SIPl-DT-PS" failures="7" tests="18" name="Test" time="379.655" errors="0" timestamp="2023-11-22T12:34:01 IST">
  <testcase classname="Softude.Hyperlocology.Tests.LoginPageTest" name="forgotpasswordValidation" time="3.899">
    <failure type="java.lang.AssertionError" message="expected [Entered email id is incorrect, try again.] but found [wrong Email id]">
      <![CDATA[java.lang.AssertionError: expected [Entered email id is incorrect, try again.] but found [wrong Email id]
at Softude.Hyperlocology.Tests.LoginPageTest.forgotpasswordValidation(LoginPageTest.java:31)
at java.base/java.util.ArrayList.forEach(ArrayList.java:1511)
... Removed 31 stack frames]]>
    </failure>
  </testcase> <!-- forgotpasswordValidation -->
  <testcase classname="Softude.Hyperlocology.Tests.LoginPageTest" name="loginWithIncorrectPassword" time="2.549">
    <skipped/>
  </testcase> <!-- loginWithIncorrectPassword -->
  <testcase classname="Softude.Hyperlocology.Tests.LoginPageTest" name="loginWithIncorrectPassword" time="2.171">
    <failure type="java.lang.AssertionError" message="expected [wrong passwrod please enter correct password] but found [Wrong email or password, please try again.]">
      <![CDATA[java.lang.AssertionError: expected [wrong passwrod please enter correct password] but found [Wrong email or password, please try again.]
at Softude.Hyperlocology.Tests.LoginPageTest.loginWithIncorrectPassword(LoginPageTest.java:26)
at java.base/java.util.ArrayList.forEach(ArrayList.java:1511)
... Removed 31 stack frames]]>
    </failure>
  </testcase> <!-- loginWithIncorrectPassword -->
  <testcase classname="Softude.Hyperlocology.Tests.LoginPageTest" name="loginWithValidCredentials" time="9.127"/>
  <testcase classname="Softude.Hyperlocology.Tests.LoginPageTest" name="loginwithIncorrectEmail" time="2.187"/>
  <testcase classname="Softude.Hyperlocology.Tests.LoginPageTest" name="logoutValidation" time="11.917"/>
  <testcase classname="Softude.Hyperlocology.Tests.ParentCompaniesTest" name="addParentCompany" time="18.307"/>
  <testcase classname="Softude.Hyperlocology.Tests.ParentCompaniesTest" name="wrongEmailErrorValidation" time="17.795">
    <failure type="java.lang.AssertionError" message="expected [This value seems to be invalid.] but found [This value should be a valid email.]">
      <![CDATA[java.lang.AssertionError: expected [This value seems to be invalid.] but found [This value should be a valid email.]
at Softude.Hyperlocology.Tests.ParentCompaniesTest.wrongEmailErrorValidation(ParentCompaniesTest.java:25)
at java.base/java.util.ArrayList.forEach(ArrayList.java:1511)
... Removed 31 stack frames]]>
    </failure>
  </testcase> <!-- wrongEmailErrorValidation -->
  <testcase classname="Softude.Hyperlocology.Tests.BrandsTest" name="addNewBrand" time="21.303"/>
  <testcase classname="Softude.Hyperlocology.Tests.EditBrandPageTest" name="addLocation" time="10.11">
    <failure type="java.lang.NullPointerException" message="Cannot invoke &amp;quot;org.openqa.selenium.WebElement.click()&amp;quot; because &amp;quot;brandName&amp;quot; is null">
      <![CDATA[java.lang.NullPointerException: Cannot invoke "org.openqa.selenium.WebElement.click()" because "brandName" is null
at Softude.Hyperlocology.pageobjects.EditBrandPage.editBasicInformation(EditBrandPage.java:62)
at Softude.Hyperlocology.Tests.EditBrandPageTest.addLocation(EditBrandPageTest.java:37)
at java.base/java.util.ArrayList.forEach(ArrayList.java:1511)
... Removed 25 stack frames]]>
    </failure>
  </testcase> <!-- addLocation -->
  <testcase classname="Softude.Hyperlocology.Tests.EditBrandPageTest" name="addSubscription" time="9.919">
    <failure type="java.lang.NullPointerException" message="Cannot invoke &amp;quot;org.openqa.selenium.WebElement.click()&amp;quot; because &amp;quot;brandName&amp;quot; is null">
      <![CDATA[java.lang.NullPointerException: Cannot invoke "org.openqa.selenium.WebElement.click()" because "brandName" is null
at Softude.Hyperlocology.pageobjects.EditBrandPage.editBasicInformation(EditBrandPage.java:62)
at Softude.Hyperlocology.Tests.EditBrandPageTest.addSubscription(EditBrandPageTest.java:44)
at java.base/java.util.ArrayList.forEach(ArrayList.java:1511)
... Removed 25 stack frames]]>
    </failure>
  </testcase> <!-- addSubscription -->
  <testcase classname="Softude.Hyperlocology.Tests.EditBrandPageTest" name="attachCollateral" time="27.524"/>
  <testcase classname="Softude.Hyperlocology.Tests.EditBrandPageTest" name="editBasicInformation" time="14.846"/>
  <testcase classname="Softude.Hyperlocology.Tests.AttachCollateralTest" name="attachCollateral" time="28.794"/>
  <testcase classname="Softude.Hyperlocology.Tests.LocationPageTest" name="addLocation" time="24.086"/>
  <testcase classname="Softude.Hyperlocology.Tests.SubscriptionPageTest" name="addSubscription" time="29.238"/>
  <testcase classname="Softude.Hyperlocology.Tests.PageSetupPageTest" name="setupPage" time="25.326">
    <failure type="org.openqa.selenium.ElementClickInterceptedException" message="element click intercepted: Element is not clickable at point (1478, 878)
  (Session info: chrome=119.0.6045.160)
Build info: version: &amp;apos;4.12.0&amp;apos;, revision: &amp;apos;249f2a7d1b*&amp;apos;
System info: os.name: &amp;apos;Windows 10&amp;apos;, os.arch: &amp;apos;amd64&amp;apos;, os.version: &amp;apos;10.0&amp;apos;, java.version: &amp;apos;19.0.1&amp;apos;
Driver info: org.openqa.selenium.chrome.ChromeDriver
Command: [a6bcda4d3c1b8490f92e6a6538171ce5, clickElement {id=00C61389443F508B8E9397A791FABF6D_element_394}]
Capabilities {acceptInsecureCerts: false, browserName: chrome, browserVersion: 119.0.6045.160, chrome: {chromedriverVersion: 119.0.6045.105 (38c72552c5e..., userDataDir: C:\Users\Sipl\AppData\Local...}, fedcm:accounts: true, goog:chromeOptions: {debuggerAddress: localhost:55936}, networkConnectionEnabled: false, pageLoadStrategy: normal, platformName: windows, proxy: Proxy(), se:cdp: ws://localhost:55936/devtoo..., se:cdpVersion: 119.0.6045.160, setWindowRect: true, strictFileInteractability: false, timeouts: {implicit: 0, pageLoad: 300000, script: 30000}, unhandledPromptBehavior: dismiss and notify, webauthn:extension:credBlob: true, webauthn:extension:largeBlob: true, webauthn:extension:minPinLength: true, webauthn:extension:prf: true, webauthn:virtualAuthenticators: true}
Element: [[ChromeDriver: chrome on windows (a6bcda4d3c1b8490f92e6a6538171ce5)] -&amp;gt; id: saveDetail]
Session ID: a6bcda4d3c1b8490f92e6a6538171ce5">
      <![CDATA[org.openqa.selenium.ElementClickInterceptedException: element click intercepted: Element is not clickable at point (1478, 878)
  (Session info: chrome=119.0.6045.160)
Build info: version: '4.12.0', revision: '249f2a7d1b*'
System info: os.name: 'Windows 10', os.arch: 'amd64', os.version: '10.0', java.version: '19.0.1'
Driver info: org.openqa.selenium.chrome.ChromeDriver
Command: [a6bcda4d3c1b8490f92e6a6538171ce5, clickElement {id=00C61389443F508B8E9397A791FABF6D_element_394}]
Capabilities {acceptInsecureCerts: false, browserName: chrome, browserVersion: 119.0.6045.160, chrome: {chromedriverVersion: 119.0.6045.105 (38c72552c5e..., userDataDir: C:\Users\Sipl\AppData\Local...}, fedcm:accounts: true, goog:chromeOptions: {debuggerAddress: localhost:55936}, networkConnectionEnabled: false, pageLoadStrategy: normal, platformName: windows, proxy: Proxy(), se:cdp: ws://localhost:55936/devtoo..., se:cdpVersion: 119.0.6045.160, setWindowRect: true, strictFileInteractability: false, timeouts: {implicit: 0, pageLoad: 300000, script: 30000}, unhandledPromptBehavior: dismiss and notify, webauthn:extension:credBlob: true, webauthn:extension:largeBlob: true, webauthn:extension:minPinLength: true, webauthn:extension:prf: true, webauthn:virtualAuthenticators: true}
Element: [[ChromeDriver: chrome on windows (a6bcda4d3c1b8490f92e6a6538171ce5)] -> id: saveDetail]
Session ID: a6bcda4d3c1b8490f92e6a6538171ce5
at org.openqa.selenium.remote.codec.w3c.W3CHttpResponseCodec.createException(W3CHttpResponseCodec.java:200)
at org.openqa.selenium.remote.codec.w3c.W3CHttpResponseCodec.decode(W3CHttpResponseCodec.java:133)
at org.openqa.selenium.remote.codec.w3c.W3CHttpResponseCodec.decode(W3CHttpResponseCodec.java:52)
at org.openqa.selenium.remote.HttpCommandExecutor.execute(HttpCommandExecutor.java:191)
at org.openqa.selenium.remote.service.DriverCommandExecutor.invokeExecute(DriverCommandExecutor.java:196)
at org.openqa.selenium.remote.service.DriverCommandExecutor.execute(DriverCommandExecutor.java:171)
at org.openqa.selenium.remote.RemoteWebDriver.execute(RemoteWebDriver.java:602)
at org.openqa.selenium.remote.RemoteWebElement.execute(RemoteWebElement.java:224)
at org.openqa.selenium.remote.RemoteWebElement.click(RemoteWebElement.java:77)
at org.openqa.selenium.support.pagefactory.internal.LocatingElementHandler.invoke(LocatingElementHandler.java:51)
at jdk.proxy2/jdk.proxy2.$Proxy17.click(Unknown Source)
at Softude.Hyperlocology.pageobjects.PageSetup.howItWorks(PageSetup.java:50)
at Softude.Hyperlocology.Tests.PageSetupPageTest.setupPage(PageSetupPageTest.java:29)
at java.base/java.util.ArrayList.forEach(ArrayList.java:1511)
... Removed 30 stack frames]]>
    </failure>
  </testcase> <!-- setupPage -->
  <testcase classname="Softude.Hyperlocology.Tests.PageSetupPageTest" name="setupPage" time="27.767">
    <failure type="org.openqa.selenium.ElementClickInterceptedException" message="element click intercepted: Element is not clickable at point (1478, 897)
  (Session info: chrome=119.0.6045.160)
Build info: version: &amp;apos;4.12.0&amp;apos;, revision: &amp;apos;249f2a7d1b*&amp;apos;
System info: os.name: &amp;apos;Windows 10&amp;apos;, os.arch: &amp;apos;amd64&amp;apos;, os.version: &amp;apos;10.0&amp;apos;, java.version: &amp;apos;19.0.1&amp;apos;
Driver info: org.openqa.selenium.chrome.ChromeDriver
Command: [b76cbbf0b90e0cece52789a92d9158a1, clickElement {id=07E434CD42DE430E441E8F2886F4631E_element_397}]
Capabilities {acceptInsecureCerts: false, browserName: chrome, browserVersion: 119.0.6045.160, chrome: {chromedriverVersion: 119.0.6045.105 (38c72552c5e..., userDataDir: C:\Users\Sipl\AppData\Local...}, fedcm:accounts: true, goog:chromeOptions: {debuggerAddress: localhost:55972}, networkConnectionEnabled: false, pageLoadStrategy: normal, platformName: windows, proxy: Proxy(), se:cdp: ws://localhost:55972/devtoo..., se:cdpVersion: 119.0.6045.160, setWindowRect: true, strictFileInteractability: false, timeouts: {implicit: 0, pageLoad: 300000, script: 30000}, unhandledPromptBehavior: dismiss and notify, webauthn:extension:credBlob: true, webauthn:extension:largeBlob: true, webauthn:extension:minPinLength: true, webauthn:extension:prf: true, webauthn:virtualAuthenticators: true}
Element: [[ChromeDriver: chrome on windows (b76cbbf0b90e0cece52789a92d9158a1)] -&amp;gt; id: saveDetail]
Session ID: b76cbbf0b90e0cece52789a92d9158a1">
      <![CDATA[org.openqa.selenium.ElementClickInterceptedException: element click intercepted: Element is not clickable at point (1478, 897)
  (Session info: chrome=119.0.6045.160)
Build info: version: '4.12.0', revision: '249f2a7d1b*'
System info: os.name: 'Windows 10', os.arch: 'amd64', os.version: '10.0', java.version: '19.0.1'
Driver info: org.openqa.selenium.chrome.ChromeDriver
Command: [b76cbbf0b90e0cece52789a92d9158a1, clickElement {id=07E434CD42DE430E441E8F2886F4631E_element_397}]
Capabilities {acceptInsecureCerts: false, browserName: chrome, browserVersion: 119.0.6045.160, chrome: {chromedriverVersion: 119.0.6045.105 (38c72552c5e..., userDataDir: C:\Users\Sipl\AppData\Local...}, fedcm:accounts: true, goog:chromeOptions: {debuggerAddress: localhost:55972}, networkConnectionEnabled: false, pageLoadStrategy: normal, platformName: windows, proxy: Proxy(), se:cdp: ws://localhost:55972/devtoo..., se:cdpVersion: 119.0.6045.160, setWindowRect: true, strictFileInteractability: false, timeouts: {implicit: 0, pageLoad: 300000, script: 30000}, unhandledPromptBehavior: dismiss and notify, webauthn:extension:credBlob: true, webauthn:extension:largeBlob: true, webauthn:extension:minPinLength: true, webauthn:extension:prf: true, webauthn:virtualAuthenticators: true}
Element: [[ChromeDriver: chrome on windows (b76cbbf0b90e0cece52789a92d9158a1)] -> id: saveDetail]
Session ID: b76cbbf0b90e0cece52789a92d9158a1
at org.openqa.selenium.remote.codec.w3c.W3CHttpResponseCodec.createException(W3CHttpResponseCodec.java:200)
at org.openqa.selenium.remote.codec.w3c.W3CHttpResponseCodec.decode(W3CHttpResponseCodec.java:133)
at org.openqa.selenium.remote.codec.w3c.W3CHttpResponseCodec.decode(W3CHttpResponseCodec.java:52)
at org.openqa.selenium.remote.HttpCommandExecutor.execute(HttpCommandExecutor.java:191)
at org.openqa.selenium.remote.service.DriverCommandExecutor.invokeExecute(DriverCommandExecutor.java:196)
at org.openqa.selenium.remote.service.DriverCommandExecutor.execute(DriverCommandExecutor.java:171)
at org.openqa.selenium.remote.RemoteWebDriver.execute(RemoteWebDriver.java:602)
at org.openqa.selenium.remote.RemoteWebElement.execute(RemoteWebElement.java:224)
at org.openqa.selenium.remote.RemoteWebElement.click(RemoteWebElement.java:77)
at org.openqa.selenium.support.pagefactory.internal.LocatingElementHandler.invoke(LocatingElementHandler.java:51)
at jdk.proxy2/jdk.proxy2.$Proxy17.click(Unknown Source)
at Softude.Hyperlocology.pageobjects.PageSetup.howItWorks(PageSetup.java:50)
at Softude.Hyperlocology.Tests.PageSetupPageTest.setupPage(PageSetupPageTest.java:29)
at java.base/java.util.ArrayList.forEach(ArrayList.java:1511)
... Removed 30 stack frames]]>
    </failure>
  </testcase> <!-- setupPage -->
</testsuite> <!-- Test -->
