<?xml version="1.0" encoding="UTF-8"?>
<testng-results retried="1" ignored="0" total="5" passed="3" failed="1" skipped="0">
  <reporter-output>
  </reporter-output>
  <suite started-at="2023-10-08T17:22:19 IST" name="Hyperlocology" finished-at="2023-10-08T17:23:52 IST" duration-ms="92611">
    <groups>
    </groups>
    <test started-at="2023-10-08T17:22:19 IST" name="Test" finished-at="2023-10-08T17:23:52 IST" duration-ms="92611">
      <class name="Softude.Hyperlocology.Tests.LoginPage">
        <test-method is-config="true" signature="lauchApplication()[pri:0, instance:Softude.Hyperlocology.Tests.LoginPage@602e0143]" started-at="2023-10-08T17:22:19 IST" name="lauchApplication" finished-at="2023-10-08T17:23:11 IST" duration-ms="51823" status="PASS">
          <reporter-output>
          </reporter-output>
        </test-method> <!-- lauchApplication -->
        <test-method retried="true" signature="loginWithIncorrectPassword()[pri:0, instance:Softude.Hyperlocology.Tests.LoginPage@602e0143]" started-at="2023-10-08T17:23:11 IST" name="loginWithIncorrectPassword" finished-at="2023-10-08T17:23:15 IST" duration-ms="3411" status="SKIP">
          <exception class="java.lang.AssertionError">
            <message>
              <![CDATA[expected [wrong passwrod please enter correct password] but found [Wrong email or password, please try again.]]]>
            </message>
            <full-stacktrace>
              <![CDATA[java.lang.AssertionError: expected [wrong passwrod please enter correct password] but found [Wrong email or password, please try again.]
at org.testng.Assert.fail(Assert.java:110)
at org.testng.Assert.failNotEquals(Assert.java:1413)
at org.testng.Assert.assertEqualsImpl(Assert.java:149)
at org.testng.Assert.assertEquals(Assert.java:131)
at org.testng.Assert.assertEquals(Assert.java:655)
at org.testng.Assert.assertEquals(Assert.java:665)
at Softude.Hyperlocology.Tests.LoginPage.loginWithIncorrectPassword(LoginPage.java:26)
at java.base/jdk.internal.reflect.NativeMethodAccessorImpl.invoke0(Native Method)
at java.base/jdk.internal.reflect.NativeMethodAccessorImpl.invoke(NativeMethodAccessorImpl.java:77)
at java.base/jdk.internal.reflect.DelegatingMethodAccessorImpl.invoke(DelegatingMethodAccessorImpl.java:43)
at java.base/java.lang.reflect.Method.invoke(Method.java:568)
at org.testng.internal.invokers.MethodInvocationHelper.invokeMethod(MethodInvocationHelper.java:139)
at org.testng.internal.invokers.TestInvoker.invokeMethod(TestInvoker.java:677)
at org.testng.internal.invokers.TestInvoker.invokeTestMethod(TestInvoker.java:221)
at org.testng.internal.invokers.MethodRunner.runInSequence(MethodRunner.java:50)
at org.testng.internal.invokers.TestInvoker$MethodInvocationAgent.invoke(TestInvoker.java:962)
at org.testng.internal.invokers.TestInvoker.invokeTestMethods(TestInvoker.java:194)
at org.testng.internal.invokers.TestMethodWorker.invokeTestMethods(TestMethodWorker.java:148)
at org.testng.internal.invokers.TestMethodWorker.run(TestMethodWorker.java:128)
at java.base/java.util.ArrayList.forEach(ArrayList.java:1511)
at org.testng.TestRunner.privateRun(TestRunner.java:806)
at org.testng.TestRunner.run(TestRunner.java:601)
at org.testng.SuiteRunner.runTest(SuiteRunner.java:433)
at org.testng.SuiteRunner.runSequentially(SuiteRunner.java:427)
at org.testng.SuiteRunner.privateRun(SuiteRunner.java:387)
at org.testng.SuiteRunner.run(SuiteRunner.java:330)
at org.testng.SuiteRunnerWorker.runSuite(SuiteRunnerWorker.java:52)
at org.testng.SuiteRunnerWorker.run(SuiteRunnerWorker.java:95)
at org.testng.TestNG.runSuitesSequentially(TestNG.java:1256)
at org.testng.TestNG.runSuitesLocally(TestNG.java:1176)
at org.testng.TestNG.runSuites(TestNG.java:1099)
at org.testng.TestNG.run(TestNG.java:1067)
at org.testng.remote.AbstractRemoteTestNG.run(AbstractRemoteTestNG.java:115)
at org.testng.remote.RemoteTestNG.initAndRun(RemoteTestNG.java:251)
at org.testng.remote.RemoteTestNG.main(RemoteTestNG.java:77)
]]>
            </full-stacktrace>
          </exception> <!-- java.lang.AssertionError -->
          <reporter-output>
          </reporter-output>
        </test-method> <!-- loginWithIncorrectPassword -->
        <test-method is-config="true" signature="tearDown()[pri:0, instance:Softude.Hyperlocology.Tests.LoginPage@602e0143]" started-at="2023-10-08T17:23:15 IST" name="tearDown" finished-at="2023-10-08T17:23:15 IST" duration-ms="189" status="PASS">
          <reporter-output>
          </reporter-output>
        </test-method> <!-- tearDown -->
        <test-method is-config="true" signature="lauchApplication()[pri:0, instance:Softude.Hyperlocology.Tests.LoginPage@602e0143]" started-at="2023-10-08T17:23:15 IST" name="lauchApplication" finished-at="2023-10-08T17:23:21 IST" duration-ms="6584" status="PASS">
          <reporter-output>
          </reporter-output>
        </test-method> <!-- lauchApplication -->
        <test-method signature="loginWithIncorrectPassword()[pri:0, instance:Softude.Hyperlocology.Tests.LoginPage@602e0143]" started-at="2023-10-08T17:23:21 IST" name="loginWithIncorrectPassword" finished-at="2023-10-08T17:23:24 IST" duration-ms="2629" status="FAIL">
          <exception class="java.lang.AssertionError">
            <message>
              <![CDATA[expected [wrong passwrod please enter correct password] but found [Wrong email or password, please try again.]]]>
            </message>
            <full-stacktrace>
              <![CDATA[java.lang.AssertionError: expected [wrong passwrod please enter correct password] but found [Wrong email or password, please try again.]
at org.testng.Assert.fail(Assert.java:110)
at org.testng.Assert.failNotEquals(Assert.java:1413)
at org.testng.Assert.assertEqualsImpl(Assert.java:149)
at org.testng.Assert.assertEquals(Assert.java:131)
at org.testng.Assert.assertEquals(Assert.java:655)
at org.testng.Assert.assertEquals(Assert.java:665)
at Softude.Hyperlocology.Tests.LoginPage.loginWithIncorrectPassword(LoginPage.java:26)
at java.base/jdk.internal.reflect.NativeMethodAccessorImpl.invoke0(Native Method)
at java.base/jdk.internal.reflect.NativeMethodAccessorImpl.invoke(NativeMethodAccessorImpl.java:77)
at java.base/jdk.internal.reflect.DelegatingMethodAccessorImpl.invoke(DelegatingMethodAccessorImpl.java:43)
at java.base/java.lang.reflect.Method.invoke(Method.java:568)
at org.testng.internal.invokers.MethodInvocationHelper.invokeMethod(MethodInvocationHelper.java:139)
at org.testng.internal.invokers.TestInvoker.invokeMethod(TestInvoker.java:677)
at org.testng.internal.invokers.TestInvoker.retryFailed(TestInvoker.java:263)
at org.testng.internal.invokers.MethodRunner.runInSequence(MethodRunner.java:62)
at org.testng.internal.invokers.TestInvoker$MethodInvocationAgent.invoke(TestInvoker.java:962)
at org.testng.internal.invokers.TestInvoker.invokeTestMethods(TestInvoker.java:194)
at org.testng.internal.invokers.TestMethodWorker.invokeTestMethods(TestMethodWorker.java:148)
at org.testng.internal.invokers.TestMethodWorker.run(TestMethodWorker.java:128)
at java.base/java.util.ArrayList.forEach(ArrayList.java:1511)
at org.testng.TestRunner.privateRun(TestRunner.java:806)
at org.testng.TestRunner.run(TestRunner.java:601)
at org.testng.SuiteRunner.runTest(SuiteRunner.java:433)
at org.testng.SuiteRunner.runSequentially(SuiteRunner.java:427)
at org.testng.SuiteRunner.privateRun(SuiteRunner.java:387)
at org.testng.SuiteRunner.run(SuiteRunner.java:330)
at org.testng.SuiteRunnerWorker.runSuite(SuiteRunnerWorker.java:52)
at org.testng.SuiteRunnerWorker.run(SuiteRunnerWorker.java:95)
at org.testng.TestNG.runSuitesSequentially(TestNG.java:1256)
at org.testng.TestNG.runSuitesLocally(TestNG.java:1176)
at org.testng.TestNG.runSuites(TestNG.java:1099)
at org.testng.TestNG.run(TestNG.java:1067)
at org.testng.remote.AbstractRemoteTestNG.run(AbstractRemoteTestNG.java:115)
at org.testng.remote.RemoteTestNG.initAndRun(RemoteTestNG.java:251)
at org.testng.remote.RemoteTestNG.main(RemoteTestNG.java:77)
]]>
            </full-stacktrace>
          </exception> <!-- java.lang.AssertionError -->
          <reporter-output>
          </reporter-output>
        </test-method> <!-- loginWithIncorrectPassword -->
        <test-method is-config="true" signature="tearDown()[pri:0, instance:Softude.Hyperlocology.Tests.LoginPage@602e0143]" started-at="2023-10-08T17:23:24 IST" name="tearDown" finished-at="2023-10-08T17:23:24 IST" duration-ms="171" status="PASS">
          <reporter-output>
          </reporter-output>
        </test-method> <!-- tearDown -->
        <test-method is-config="true" signature="lauchApplication()[pri:0, instance:Softude.Hyperlocology.Tests.LoginPage@602e0143]" started-at="2023-10-08T17:23:24 IST" name="lauchApplication" finished-at="2023-10-08T17:23:30 IST" duration-ms="5798" status="PASS">
          <reporter-output>
          </reporter-output>
        </test-method> <!-- lauchApplication -->
        <test-method signature="loginWithValidCredentials()[pri:0, instance:Softude.Hyperlocology.Tests.LoginPage@602e0143]" started-at="2023-10-08T17:23:30 IST" name="loginWithValidCredentials" finished-at="2023-10-08T17:23:38 IST" duration-ms="7208" status="PASS">
          <reporter-output>
          </reporter-output>
        </test-method> <!-- loginWithValidCredentials -->
        <test-method is-config="true" signature="tearDown()[pri:0, instance:Softude.Hyperlocology.Tests.LoginPage@602e0143]" started-at="2023-10-08T17:23:38 IST" name="tearDown" finished-at="2023-10-08T17:23:38 IST" duration-ms="160" status="PASS">
          <reporter-output>
          </reporter-output>
        </test-method> <!-- tearDown -->
        <test-method is-config="true" signature="lauchApplication()[pri:0, instance:Softude.Hyperlocology.Tests.LoginPage@602e0143]" started-at="2023-10-08T17:23:38 IST" name="lauchApplication" finished-at="2023-10-08T17:23:44 IST" duration-ms="6136" status="PASS">
          <reporter-output>
          </reporter-output>
        </test-method> <!-- lauchApplication -->
        <test-method signature="loginwithIncorrectEmail()[pri:0, instance:Softude.Hyperlocology.Tests.LoginPage@602e0143]" started-at="2023-10-08T17:23:44 IST" name="loginwithIncorrectEmail" finished-at="2023-10-08T17:23:46 IST" duration-ms="2499" status="PASS">
          <reporter-output>
          </reporter-output>
        </test-method> <!-- loginwithIncorrectEmail -->
        <test-method is-config="true" signature="tearDown()[pri:0, instance:Softude.Hyperlocology.Tests.LoginPage@602e0143]" started-at="2023-10-08T17:23:46 IST" name="tearDown" finished-at="2023-10-08T17:23:46 IST" duration-ms="137" status="PASS">
          <reporter-output>
          </reporter-output>
        </test-method> <!-- tearDown -->
      </class> <!-- Softude.Hyperlocology.Tests.LoginPage -->
      <class name="Softude.Hyperlocology.Tests.demo">
        <test-method signature="demorun()[pri:0, instance:Softude.Hyperlocology.Tests.demo@1608bcbd]" started-at="2023-10-08T17:23:46 IST" name="demorun" finished-at="2023-10-08T17:23:52 IST" duration-ms="5347" status="PASS">
          <reporter-output>
          </reporter-output>
        </test-method> <!-- demorun -->
      </class> <!-- Softude.Hyperlocology.Tests.demo -->
    </test> <!-- Test -->
  </suite> <!-- Hyperlocology -->
</testng-results>
